Add Component: Footprint Not Found MY_FE14
Add Component: Footprint Not Found MY_FE16
Add Component: Footprint Not Found MY_0603
Add Component: Footprint Not Found MY_0603
Add Component: Footprint Not Found MY_0603
Add Component: Footprint Not Found MY_0603
Add Component: Footprint Not Found MY_0603
Add Component: Footprint Not Found MY_0603
Add Component: Footprint Not Found MY_0603
Add Component: Footprint Not Found MY_0603
Add Component: Footprint Not Found MY_0603
Add Component: Footprint Not Found MY_0603
Add Component: Footprint Not Found MY_0603
Add Component: Footprint Not Found MY_0603
Add Component: Footprint Not Found MY_0603
Add Component: Footprint Not Found MY_0603
Add Component: Footprint Not Found MY_0603
Add Component: Footprint Not Found MY_0603
Add Component: Footprint Not Found MY_0603
Add Component: Footprint Not Found MY_0603
Add Component: Footprint Not Found MY_0603
Add Component: Footprint Not Found MY_0603
Add Component: Footprint Not Found MY_0603
Add Component: Footprint Not Found MY_0603
Add Component: Footprint Not Found MY_0603
Add Component: Footprint Not Found MY_0603
Add Component: Footprint Not Found MY_0603
Add Component: Footprint Not Found MY_0603
Add Component: Footprint Not Found MY_0603
Add Component: Footprint Not Found MY_0603
Add Component: Footprint Not Found MY_0603
Add Component: Footprint Not Found MY_0603
Add Component: Footprint Not Found MY_0603
Add Component: Footprint Not Found MY_0603
Add Component: Footprint Not Found MY_0603
Add Component: Footprint Not Found MY_0603
Add Component: Footprint Not Found MY_0603
Add Component: Footprint Not Found MY_0603
Add Component: Footprint Not Found MY_0603
Add Component: Footprint Not Found MY_0603
Add Component: Footprint Not Found MY_0603
Add Component: Footprint Not Found MY_0603
Add Component: Footprint Not Found MY_0603
Add Component: Footprint Not Found MY_0603
Add Component: Footprint Not Found MY_0603
Add Component: Footprint Not Found MY_0603
Add Component: Footprint Not Found MY_0603
Add Component: Footprint Not Found MY_0603
Add Component: Footprint Not Found MY_0603
Add Component: Footprint Not Found MY_0603
Add Component: Footprint Not Found MY_0603
Add Component: Footprint Not Found MY_0603
Add Component: Footprint Not Found MY_0603
Add Component: Footprint Not Found MY_0603
Add Component: Footprint Not Found MY_0603
Add Component: Footprint Not Found MY_0603
Add Component: Footprint Not Found MY_0603
Add Component: Footprint Not Found MY_0603
Add Component: Footprint Not Found MY_0603
Add Component: Footprint Not Found MY_0603
Add Component: Footprint Not Found MY_0603
Add Component: Footprint Not Found MY_0603
Add Pin To Net: Unknown Pin: Pin P4-1
Add Pin To Net: Unknown Pin: Pin P4-2
Add Pin To Net: Unknown Pin: Pin P4-3
Add Pin To Net: Unknown Pin: Pin P4-4
Add Pin To Net: Unknown Pin: Pin P4-5
Add Pin To Net: Unknown Pin: Pin P4-6
Add Pin To Net: Unknown Pin: Pin P4-7
Add Pin To Net: Unknown Pin: Pin P4-8
Add Pin To Net: Unknown Pin: Pin P4-9
Add Pin To Net: Unknown Pin: Pin P4-10
Add Pin To Net: Unknown Pin: Pin P4-11
Add Pin To Net: Unknown Pin: Pin P4-12
Add Pin To Net: Unknown Pin: Pin P4-13
Add Pin To Net: Unknown Pin: Pin P4-14
Add Pin To Net: Unknown Pin: Pin P5-1
Add Pin To Net: Unknown Pin: Pin P5-2
Add Pin To Net: Unknown Pin: Pin P5-3
Add Pin To Net: Unknown Pin: Pin P5-4
Add Pin To Net: Unknown Pin: Pin P5-5
Add Pin To Net: Unknown Pin: Pin P5-6
Add Pin To Net: Unknown Pin: Pin P5-7
Add Pin To Net: Unknown Pin: Pin P5-8
Add Pin To Net: Unknown Pin: Pin P5-9
Add Pin To Net: Unknown Pin: Pin P5-10
Add Pin To Net: Unknown Pin: Pin P5-11
Add Pin To Net: Unknown Pin: Pin P5-12
Add Pin To Net: Unknown Pin: Pin P5-13
Add Pin To Net: Unknown Pin: Pin P5-14
Add Pin To Net: Unknown Pin: Pin P5-15
Add Pin To Net: Unknown Pin: Pin P5-16
Add Pin To Net: Unknown Pin: Pin R3-1
Add Pin To Net: Unknown Pin: Pin R3-2
Add Pin To Net: Unknown Pin: Pin R4-1
Add Pin To Net: Unknown Pin: Pin R4-2
Add Pin To Net: Unknown Pin: Pin R5-1
Add Pin To Net: Unknown Pin: Pin R5-2
Add Pin To Net: Unknown Pin: Pin R6-1
Add Pin To Net: Unknown Pin: Pin R6-2
Add Pin To Net: Unknown Pin: Pin R7-1
Add Pin To Net: Unknown Pin: Pin R7-2
Add Pin To Net: Unknown Pin: Pin R8-1
Add Pin To Net: Unknown Pin: Pin R8-2
Add Pin To Net: Unknown Pin: Pin R9-1
Add Pin To Net: Unknown Pin: Pin R9-2
Add Pin To Net: Unknown Pin: Pin R10-1
Add Pin To Net: Unknown Pin: Pin R10-2
Add Pin To Net: Unknown Pin: Pin R11-1
Add Pin To Net: Unknown Pin: Pin R11-2
Add Pin To Net: Unknown Pin: Pin R12-1
Add Pin To Net: Unknown Pin: Pin R12-2
Add Pin To Net: Unknown Pin: Pin R13-1
Add Pin To Net: Unknown Pin: Pin R13-2
Add Pin To Net: Unknown Pin: Pin R14-1
Add Pin To Net: Unknown Pin: Pin R14-2
Add Pin To Net: Unknown Pin: Pin R15-1
Add Pin To Net: Unknown Pin: Pin R15-2
Add Pin To Net: Unknown Pin: Pin R16-1
Add Pin To Net: Unknown Pin: Pin R16-2
Add Pin To Net: Unknown Pin: Pin R17-1
Add Pin To Net: Unknown Pin: Pin R17-2
Add Pin To Net: Unknown Pin: Pin R18-1
Add Pin To Net: Unknown Pin: Pin R18-2
Add Pin To Net: Unknown Pin: Pin R19-1
Add Pin To Net: Unknown Pin: Pin R19-2
Add Pin To Net: Unknown Pin: Pin R20-1
Add Pin To Net: Unknown Pin: Pin R20-2
Add Pin To Net: Unknown Pin: Pin R21-1
Add Pin To Net: Unknown Pin: Pin R21-2
Add Pin To Net: Unknown Pin: Pin R22-1
Add Pin To Net: Unknown Pin: Pin R22-2
Add Pin To Net: Unknown Pin: Pin R23-1
Add Pin To Net: Unknown Pin: Pin R23-2
Add Pin To Net: Unknown Pin: Pin R24-1
Add Pin To Net: Unknown Pin: Pin R24-2
Add Pin To Net: Unknown Pin: Pin R25-1
Add Pin To Net: Unknown Pin: Pin R25-2
Add Pin To Net: Unknown Pin: Pin R26-1
Add Pin To Net: Unknown Pin: Pin R26-2
Add Pin To Net: Unknown Pin: Pin R27-1
Add Pin To Net: Unknown Pin: Pin R27-2
Add Pin To Net: Unknown Pin: Pin R28-1
Add Pin To Net: Unknown Pin: Pin R28-2
Add Pin To Net: Unknown Pin: Pin R29-1
Add Pin To Net: Unknown Pin: Pin R29-2
Add Pin To Net: Unknown Pin: Pin R30-1
Add Pin To Net: Unknown Pin: Pin R30-2
Add Pin To Net: Unknown Pin: Pin R31-1
Add Pin To Net: Unknown Pin: Pin R31-2
Add Pin To Net: Unknown Pin: Pin R32-1
Add Pin To Net: Unknown Pin: Pin R32-2
Add Pin To Net: Unknown Pin: Pin R33-1
Add Pin To Net: Unknown Pin: Pin R33-2
Add Pin To Net: Unknown Pin: Pin R34-1
Add Pin To Net: Unknown Pin: Pin R34-2
Add Pin To Net: Unknown Pin: Pin R35-1
Add Pin To Net: Unknown Pin: Pin R35-2
Add Pin To Net: Unknown Pin: Pin R36-1
Add Pin To Net: Unknown Pin: Pin R36-2
Add Pin To Net: Unknown Pin: Pin R37-1
Add Pin To Net: Unknown Pin: Pin R37-2
Add Pin To Net: Unknown Pin: Pin R38-1
Add Pin To Net: Unknown Pin: Pin R38-2
Add Pin To Net: Unknown Pin: Pin R39-1
Add Pin To Net: Unknown Pin: Pin R39-2
Add Pin To Net: Unknown Pin: Pin R40-1
Add Pin To Net: Unknown Pin: Pin R40-2
Add Pin To Net: Unknown Pin: Pin R41-1
Add Pin To Net: Unknown Pin: Pin R41-2
Add Pin To Net: Unknown Pin: Pin R42-1
Add Pin To Net: Unknown Pin: Pin R42-2
Add Pin To Net: Unknown Pin: Pin R43-1
Add Pin To Net: Unknown Pin: Pin R43-2
Add Pin To Net: Unknown Pin: Pin R44-1
Add Pin To Net: Unknown Pin: Pin R44-2
Add Pin To Net: Unknown Pin: Pin R45-1
Add Pin To Net: Unknown Pin: Pin R45-2
Add Pin To Net: Unknown Pin: Pin R46-1
Add Pin To Net: Unknown Pin: Pin R46-2
Add Pin To Net: Unknown Pin: Pin R47-1
Add Pin To Net: Unknown Pin: Pin R47-2
Add Pin To Net: Unknown Pin: Pin R48-1
Add Pin To Net: Unknown Pin: Pin R48-2
Add Pin To Net: Unknown Pin: Pin R49-1
Add Pin To Net: Unknown Pin: Pin R49-2
Add Pin To Net: Unknown Pin: Pin R50-1
Add Pin To Net: Unknown Pin: Pin R50-2
Add Pin To Net: Unknown Pin: Pin R51-1
Add Pin To Net: Unknown Pin: Pin R51-2
Add Pin To Net: Unknown Pin: Pin R52-1
Add Pin To Net: Unknown Pin: Pin R52-2
Add Pin To Net: Unknown Pin: Pin R53-1
Add Pin To Net: Unknown Pin: Pin R53-2
Add Pin To Net: Unknown Pin: Pin R54-1
Add Pin To Net: Unknown Pin: Pin R54-2
Add Pin To Net: Unknown Pin: Pin R55-1
Add Pin To Net: Unknown Pin: Pin R55-2
Add Pin To Net: Unknown Pin: Pin R56-1
Add Pin To Net: Unknown Pin: Pin R56-2
Add Pin To Net: Unknown Pin: Pin R57-1
Add Pin To Net: Unknown Pin: Pin R57-2
Add Pin To Net: Unknown Pin: Pin R58-1
Add Pin To Net: Unknown Pin: Pin R58-2
Add Pin To Net: Unknown Pin: Pin R59-1
Add Pin To Net: Unknown Pin: Pin R59-2
Add Pin To Net: Unknown Pin: Pin R60-1
Add Pin To Net: Unknown Pin: Pin R60-2
Add Pin To Net: Unknown Pin: Pin R61-1
Add Pin To Net: Unknown Pin: Pin R61-2
Add Pin To Net: Unknown Pin: Pin R62-1
Add Pin To Net: Unknown Pin: Pin R62-2
Add Class Member: Failed to add class member : Component P4 Header 14
Add Class Member: Failed to add class member : Component P5 Header 16
Add Class Member: Failed to add class member : Component R3 1K
Add Class Member: Failed to add class member : Component R4 1K
Add Class Member: Failed to add class member : Component R5 1K
Add Class Member: Failed to add class member : Component R6 1K
Add Class Member: Failed to add class member : Component R7 1K
Add Class Member: Failed to add class member : Component R8 1K
Add Class Member: Failed to add class member : Component R9 1K
Add Class Member: Failed to add class member : Component R10 1K
Add Class Member: Failed to add class member : Component R11 1K
Add Class Member: Failed to add class member : Component R12 1K
Add Class Member: Failed to add class member : Component R13 1K
Add Class Member: Failed to add class member : Component R14 1K
Add Class Member: Failed to add class member : Component R15 1K
Add Class Member: Failed to add class member : Component R16 1K
Add Class Member: Failed to add class member : Component R17 1K
Add Class Member: Failed to add class member : Component R18 1K
Add Class Member: Failed to add class member : Component R19 1K
Add Class Member: Failed to add class member : Component R20 1K
Add Class Member: Failed to add class member : Component R21 1K
Add Class Member: Failed to add class member : Component R22 1K
Add Class Member: Failed to add class member : Component R23 1K
Add Class Member: Failed to add class member : Component R24 1K
Add Class Member: Failed to add class member : Component R25 1K
Add Class Member: Failed to add class member : Component R26 1K
Add Class Member: Failed to add class member : Component R27 1K
Add Class Member: Failed to add class member : Component R28 1K
Add Class Member: Failed to add class member : Component R29 1K
Add Class Member: Failed to add class member : Component R30 1K
Add Class Member: Failed to add class member : Component R31 1K
Add Class Member: Failed to add class member : Component R32 1K
Add Class Member: Failed to add class member : Component R33 1K
Add Class Member: Failed to add class member : Component R34 1K
Add Class Member: Failed to add class member : Component R35 1K
Add Class Member: Failed to add class member : Component R36 1K
Add Class Member: Failed to add class member : Component R37 1K
Add Class Member: Failed to add class member : Component R38 1K
Add Class Member: Failed to add class member : Component R39 1K
Add Class Member: Failed to add class member : Component R40 1K
Add Class Member: Failed to add class member : Component R41 1K
Add Class Member: Failed to add class member : Component R42 1K
Add Class Member: Failed to add class member : Component R43 1K
Add Class Member: Failed to add class member : Component R44 1K
Add Class Member: Failed to add class member : Component R45 1K
Add Class Member: Failed to add class member : Component R46 1K
Add Class Member: Failed to add class member : Component R47 1K
Add Class Member: Failed to add class member : Component R48 1K
Add Class Member: Failed to add class member : Component R49 1K
Add Class Member: Failed to add class member : Component R50 1K
Add Class Member: Failed to add class member : Component R51 1K
Add Class Member: Failed to add class member : Component R52 1K
Add Class Member: Failed to add class member : Component R53 1K
Add Class Member: Failed to add class member : Component R54 1K
Add Class Member: Failed to add class member : Component R55 1K
Add Class Member: Failed to add class member : Component R56 1K
Add Class Member: Failed to add class member : Component R57 1K
Add Class Member: Failed to add class member : Component R58 1K
Add Class Member: Failed to add class member : Component R59 1K
Add Class Member: Failed to add class member : Component R60 1K
Add Class Member: Failed to add class member : Component R61 1K
Add Class Member: Failed to add class member : Component R62 1K
