Removed Pin From Net: NetName=SWDIO Pin=U2-37
Removed Pin From Net: NetName=SWCLK Pin=U2-38
Add Component: Footprint Not Found MY_FE14
Add Component: Footprint Not Found MY_FE16
Add Component: Footprint Not Found MY_0603
Add Component: Footprint Not Found MY_0603
Add Component: Footprint Not Found MY_0603
Add Component: Footprint Not Found MY_0603
Add Component: Footprint Not Found MY_0603
Add Component: Footprint Not Found MY_0603
Add Component: Footprint Not Found MY_0603
Add Component: Footprint Not Found MY_0603
Add Component: Footprint Not Found MY_0603
Add Component: Footprint Not Found MY_0603
Add Component: Footprint Not Found MY_0603
Add Component: Footprint Not Found MY_0603
Add Component: Footprint Not Found MY_0603
Add Component: Footprint Not Found MY_0603
Add Component: Footprint Not Found MY_0603
Add Component: Footprint Not Found MY_0603
Add Component: Footprint Not Found MY_0603
Add Component: Footprint Not Found MY_0603
Add Component: Footprint Not Found MY_0603
Add Component: Footprint Not Found MY_0603
Add Component: Footprint Not Found MY_0603
Add Component: Footprint Not Found MY_0603
Add Component: Footprint Not Found MY_0603
Add Component: Footprint Not Found MY_0603
Add Component: Footprint Not Found MY_0603
Add Component: Footprint Not Found MY_0603
Add Component: Footprint Not Found MY_0603
Add Component: Footprint Not Found MY_0603
Add Component: Footprint Not Found MY_0603
Add Component: Footprint Not Found MY_0603
Add Component: Footprint Not Found MY_0603
Add Component: Footprint Not Found MY_0603
Add Component: Footprint Not Found MY_0603
Add Component: Footprint Not Found MY_0603
Add Component: Footprint Not Found MY_0603
Add Component: Footprint Not Found MY_0603
Add Component: Footprint Not Found MY_0603
Add Component: Footprint Not Found MY_0603
Add Component: Footprint Not Found MY_0603
Add Component: Footprint Not Found MY_0603
Add Component: Footprint Not Found MY_0603
Add Component: Footprint Not Found MY_0603
Add Component: Footprint Not Found MY_0603
Add Component: Footprint Not Found MY_0603
Add Component: Footprint Not Found MY_0603
Add Component: Footprint Not Found MY_0603
Add Component: Footprint Not Found MY_0603
Add Component: Footprint Not Found MY_0603
Add Component: Footprint Not Found MY_0603
Add Component: Footprint Not Found MY_0603
Add Component: Footprint Not Found MY_0603
Add Component: Footprint Not Found MY_0603
Add Component: Footprint Not Found MY_0603
Add Component: Footprint Not Found MY_0603
Add Component: Footprint Not Found MY_0603
Add Component: Footprint Not Found MY_0603
Add Component: Footprint Not Found MY_0603
Add Component: Footprint Not Found MY_0603
Add Component: Footprint Not Found MY_0603
Add Component: Footprint Not Found MY_0603
Add Pin To Net: Unknown Pin: Pin R3-2
Add Pin To Net: Unknown Pin: Pin R4-1
Add Pin To Net: Unknown Pin: Pin R5-2
Add Pin To Net: Unknown Pin: Pin R6-1
Add Pin To Net: Unknown Pin: Pin R7-2
Add Pin To Net: Unknown Pin: Pin R8-1
Add Pin To Net: Unknown Pin: Pin R9-2
Add Pin To Net: Unknown Pin: Pin R10-1
Add Pin To Net: Unknown Pin: Pin R11-2
Add Pin To Net: Unknown Pin: Pin R12-1
Add Pin To Net: Unknown Pin: Pin R13-2
Add Pin To Net: Unknown Pin: Pin R14-1
Add Pin To Net: Unknown Pin: Pin R15-2
Add Pin To Net: Unknown Pin: Pin R16-1
Add Pin To Net: Unknown Pin: Pin R17-2
Add Pin To Net: Unknown Pin: Pin R18-1
Add Pin To Net: Unknown Pin: Pin R19-2
Add Pin To Net: Unknown Pin: Pin R20-1
Add Pin To Net: Unknown Pin: Pin R21-2
Add Pin To Net: Unknown Pin: Pin R22-1
Add Pin To Net: Unknown Pin: Pin R23-2
Add Pin To Net: Unknown Pin: Pin R24-1
Add Pin To Net: Unknown Pin: Pin R25-2
Add Pin To Net: Unknown Pin: Pin R26-1
Add Pin To Net: Unknown Pin: Pin R27-2
Add Pin To Net: Unknown Pin: Pin R28-1
Add Pin To Net: Unknown Pin: Pin R29-2
Add Pin To Net: Unknown Pin: Pin R30-1
Add Pin To Net: Unknown Pin: Pin R31-2
Add Pin To Net: Unknown Pin: Pin R32-1
Add Pin To Net: Unknown Pin: Pin R33-2
Add Pin To Net: Unknown Pin: Pin R34-1
Add Pin To Net: Unknown Pin: Pin R35-2
Add Pin To Net: Unknown Pin: Pin R36-1
Add Pin To Net: Unknown Pin: Pin R37-2
Add Pin To Net: Unknown Pin: Pin R38-1
Add Pin To Net: Unknown Pin: Pin R39-2
Add Pin To Net: Unknown Pin: Pin R40-1
Add Pin To Net: Unknown Pin: Pin R41-2
Add Pin To Net: Unknown Pin: Pin R42-1
Add Pin To Net: Unknown Pin: Pin R43-2
Add Pin To Net: Unknown Pin: Pin R44-1
Add Pin To Net: Unknown Pin: Pin R45-2
Add Pin To Net: Unknown Pin: Pin R46-1
Add Pin To Net: Unknown Pin: Pin R47-2
Add Pin To Net: Unknown Pin: Pin R48-1
Add Pin To Net: Unknown Pin: Pin R49-2
Add Pin To Net: Unknown Pin: Pin R50-1
Add Pin To Net: Unknown Pin: Pin R51-2
Add Pin To Net: Unknown Pin: Pin R52-1
Add Pin To Net: Unknown Pin: Pin R53-2
Add Pin To Net: Unknown Pin: Pin R54-1
Add Pin To Net: Unknown Pin: Pin R55-2
Add Pin To Net: Unknown Pin: Pin R56-1
Add Pin To Net: Unknown Pin: Pin R57-2
Add Pin To Net: Unknown Pin: Pin R58-1
Add Pin To Net: Unknown Pin: Pin R59-2
Add Pin To Net: Unknown Pin: Pin R60-1
Add Pin To Net: Unknown Pin: Pin R61-2
Add Pin To Net: Unknown Pin: Pin R62-1
Added Pin To Net: NetName=SWDIO Pin=U2-34
Added Pin To Net: NetName=SWCLK Pin=U2-37
Added Pin To Net: NetName=PA0 Pin=U2-10
Added Net: Name=PA0
Added Pin To Net: NetName=PA1 Pin=U2-11
Added Net: Name=PA1
Added Pin To Net: NetName=PA2 Pin=U2-12
Added Net: Name=PA2
Added Pin To Net: NetName=PA3 Pin=U2-13
Added Net: Name=PA3
Added Pin To Net: NetName=PA4 Pin=U2-14
Added Net: Name=PA4
Added Pin To Net: NetName=PA5 Pin=U2-15
Added Net: Name=PA5
Added Pin To Net: NetName=PA6 Pin=U2-16
Added Net: Name=PA6
Added Pin To Net: NetName=PA7 Pin=U2-17
Added Net: Name=PA7
Added Pin To Net: NetName=PA8 Pin=U2-29
Added Net: Name=PA8
Added Pin To Net: NetName=PA9 Pin=U2-30
Added Net: Name=PA9
Added Pin To Net: NetName=PA10 Pin=U2-31
Added Net: Name=PA10
Added Pin To Net: NetName=PA11 Pin=U2-32
Added Net: Name=PA11
Added Pin To Net: NetName=PA12 Pin=U2-33
Added Net: Name=PA12
Added Pin To Net: NetName=PA15 Pin=U2-38
Added Net: Name=PA15
Added Pin To Net: NetName=PB0 Pin=U2-18
Added Net: Name=PB0
Added Pin To Net: NetName=PB1 Pin=U2-19
Added Net: Name=PB1
Added Pin To Net: NetName=PB2 Pin=U2-20
Added Net: Name=PB2
Added Pin To Net: NetName=PB3 Pin=U2-39
Added Net: Name=PB3
Added Pin To Net: NetName=PB4 Pin=U2-40
Added Net: Name=PB4
Added Pin To Net: NetName=PB5 Pin=U2-41
Added Net: Name=PB5
Added Pin To Net: NetName=PB6 Pin=U2-42
Added Net: Name=PB6
Added Pin To Net: NetName=PB7 Pin=U2-43
Added Net: Name=PB7
Added Pin To Net: NetName=PB8 Pin=U2-45
Added Net: Name=PB8
Added Pin To Net: NetName=PB9 Pin=U2-46
Added Net: Name=PB9
Added Pin To Net: NetName=PB10 Pin=U2-21
Added Net: Name=PB10
Added Pin To Net: NetName=PB11 Pin=U2-22
Added Net: Name=PB11
Added Pin To Net: NetName=PB12 Pin=U2-25
Added Net: Name=PB12
Added Pin To Net: NetName=PB13 Pin=U2-26
Added Net: Name=PB13
Added Pin To Net: NetName=PB14 Pin=U2-27
Added Net: Name=PB14
Added Pin To Net: NetName=PB15 Pin=U2-28
Added Net: Name=PB15
Add Class Member: Failed to add class member : Component P4 Header 14
Add Class Member: Failed to add class member : Component P5 Header 16
Add Class Member: Failed to add class member : Component R3 1K
Add Class Member: Failed to add class member : Component R4 1K
Add Class Member: Failed to add class member : Component R5 1K
Add Class Member: Failed to add class member : Component R6 1K
Add Class Member: Failed to add class member : Component R7 1K
Add Class Member: Failed to add class member : Component R8 1K
Add Class Member: Failed to add class member : Component R9 1K
Add Class Member: Failed to add class member : Component R10 1K
Add Class Member: Failed to add class member : Component R11 1K
Add Class Member: Failed to add class member : Component R12 1K
Add Class Member: Failed to add class member : Component R13 1K
Add Class Member: Failed to add class member : Component R14 1K
Add Class Member: Failed to add class member : Component R15 1K
Add Class Member: Failed to add class member : Component R16 1K
Add Class Member: Failed to add class member : Component R17 1K
Add Class Member: Failed to add class member : Component R18 1K
Add Class Member: Failed to add class member : Component R19 1K
Add Class Member: Failed to add class member : Component R20 1K
Add Class Member: Failed to add class member : Component R21 1K
Add Class Member: Failed to add class member : Component R22 1K
Add Class Member: Failed to add class member : Component R23 1K
Add Class Member: Failed to add class member : Component R24 1K
Add Class Member: Failed to add class member : Component R25 1K
Add Class Member: Failed to add class member : Component R26 1K
Add Class Member: Failed to add class member : Component R27 1K
Add Class Member: Failed to add class member : Component R28 1K
Add Class Member: Failed to add class member : Component R29 1K
Add Class Member: Failed to add class member : Component R30 1K
Add Class Member: Failed to add class member : Component R31 1K
Add Class Member: Failed to add class member : Component R32 1K
Add Class Member: Failed to add class member : Component R33 1K
Add Class Member: Failed to add class member : Component R34 1K
Add Class Member: Failed to add class member : Component R35 1K
Add Class Member: Failed to add class member : Component R36 1K
Add Class Member: Failed to add class member : Component R37 1K
Add Class Member: Failed to add class member : Component R38 1K
Add Class Member: Failed to add class member : Component R39 1K
Add Class Member: Failed to add class member : Component R40 1K
Add Class Member: Failed to add class member : Component R41 1K
Add Class Member: Failed to add class member : Component R42 1K
Add Class Member: Failed to add class member : Component R43 1K
Add Class Member: Failed to add class member : Component R44 1K
Add Class Member: Failed to add class member : Component R45 1K
Add Class Member: Failed to add class member : Component R46 1K
Add Class Member: Failed to add class member : Component R47 1K
Add Class Member: Failed to add class member : Component R48 1K
Add Class Member: Failed to add class member : Component R49 1K
Add Class Member: Failed to add class member : Component R50 1K
Add Class Member: Failed to add class member : Component R51 1K
Add Class Member: Failed to add class member : Component R52 1K
Add Class Member: Failed to add class member : Component R53 1K
Add Class Member: Failed to add class member : Component R54 1K
Add Class Member: Failed to add class member : Component R55 1K
Add Class Member: Failed to add class member : Component R56 1K
Add Class Member: Failed to add class member : Component R57 1K
Add Class Member: Failed to add class member : Component R58 1K
Add Class Member: Failed to add class member : Component R59 1K
Add Class Member: Failed to add class member : Component R60 1K
Add Class Member: Failed to add class member : Component R61 1K
Add Class Member: Failed to add class member : Component R62 1K
Added Rule: Name=Schematic Supply Nets
Added Rule: Name=Schematic Supply Nets_1
Added Rule: Name=Schematic Supply Nets_2
